Starting Dynare (version 4.5.3).
Starting preprocessing of the model file ...
Found 6 equation(s).
Evaluating expressions...done
Computing static model derivatives:
 - order 1
Computing dynamic model derivatives:
 - order 1
 - order 2
Processing outputs ...
done
Preprocessing completed.

STEADY-STATE RESULTS:

d1 		 0
d2 		 0
c  		 0
p1 		 0
p2 		 0
R  		 -3.1999e-05

EIGENVALUES:
         Modulus             Real        Imaginary

             0.5              0.5                0
             0.5              0.5                0
           1.042            1.042                0
           1.042            1.042                0
       1.192e+17       -1.192e+17                0
       1.192e+17       -1.192e+17                0
             Inf              Inf                0


There are 5 eigenvalue(s) larger than 1 in modulus 
for 5 forward-looking variable(s)

The rank condition is verified.


MODEL SUMMARY

  Number of variables:         6
  Number of stochastic shocks: 2
  Number of state variables:   2
  Number of jumpers:           5
  Number of static variables:  1


MATRIX OF COVARIANCE OF EXOGENOUS SHOCKS
Variables        eps1      eps2
eps1         0.003750  0.000000
eps2         0.000000  0.003750

POLICY AND TRANSITION FUNCTIONS
                                  d1              d2               c              p1              p2               R
Constant                           0               0               0               0               0       -0.007532
(correction)                       0               0               0               0               0       -0.007500
d1(-1)                      0.500000               0        0.250000        0.259615        0.240385       -0.125000
d2(-1)                             0        0.500000        0.250000        0.240385        0.259615       -0.125000
eps1                        2.000000               0        1.000000        1.038462        0.961538       -0.500000
eps2                               0        2.000000        1.000000        0.961538        1.038462       -0.500000
d1(-1),d1(-1)               0.125000               0        0.093750        0.097689        0.089718       -0.039062
d2(-1),d1(-1)                      0               0       -0.062500       -0.062408       -0.062408        0.046875
d2(-1),d2(-1)                      0        0.125000        0.093750        0.089718        0.097689       -0.039062
eps1,eps1                  -2.000000               0       -0.500000       -0.513898       -0.487582        0.375000
eps2,eps1                          0               0       -1.000000       -0.998521       -0.998521        0.750000
eps2,eps2                          0       -2.000000       -0.500000       -0.487582       -0.513898        0.375000
d1(-1),eps1                -1.000000               0       -0.250000       -0.256949       -0.243791        0.187500
d1(-1),eps2                        0               0       -0.250000       -0.249630       -0.249630        0.187500
d2(-1),eps1                        0               0       -0.250000       -0.249630       -0.249630        0.187500
d2(-1),eps2                        0       -1.000000       -0.250000       -0.243791       -0.256949        0.187500


MOMENTS OF SIMULATED VARIABLES
VARIABLE              MEAN       STD. DEV.        VARIANCE        SKEWNESS        KURTOSIS
d1               -0.010721        0.141809        0.020110       -0.389687        0.168383
d2               -0.008015        0.139834        0.019553       -0.477513        0.332175
c                -0.004602        0.100751        0.010151       -0.332751        0.158697
p1               -0.004657        0.100878        0.010176       -0.328969        0.152402
p2               -0.004561        0.100762        0.010153       -0.335778        0.164098
R                -0.003960        0.050715        0.002572        0.481429        0.320724


CORRELATION OF SIMULATED VARIABLES
VARIABLE        d1      d2       c      p1      p2       R
d1          1.0000  0.0314  0.7216  0.7466  0.6956 -0.7207
d2          0.0314  1.0000  0.7114  0.6850  0.7368 -0.7114
c           0.7216  0.7114  1.0000  0.9993  0.9993 -0.9994
p1          0.7466  0.6850  0.9993  1.0000  0.9973 -0.9987
p2          0.6956  0.7368  0.9993  0.9973  1.0000 -0.9987
R          -0.7207 -0.7114 -0.9994 -0.9987 -0.9987  1.0000


AUTOCORRELATION OF SIMULATED VARIABLES
VARIABLE         1       2       3       4       5
d1          0.4948  0.2316  0.1181  0.0501  0.0191
d2          0.4895  0.2380  0.1215  0.0586  0.0314
c           0.4906  0.2304  0.1150  0.0422  0.0128
p1          0.4909  0.2302  0.1148  0.0420  0.0125
p2          0.4904  0.2307  0.1151  0.0425  0.0132
R           0.4907  0.2307  0.1153  0.0424  0.0139



VARIANCE DECOMPOSITION SIMULATING ONE SHOCK AT A TIME (in percent)
                  eps1              eps2  Tot. lin. contr.
d1              100.01              0.00            100.01
d2                0.00            100.01            100.01
c                48.85             47.34             96.19
p1               52.54             43.66             96.21
p2               45.16             51.03             96.19
R                48.51             47.08             95.59
Note: numbers do not add up to 100 due to i) non-zero correlation of simulated shocks in small samples and ii) nonlinearity

Total computing time : 0h00m06s
