Starting Dynare (version 4.5.3).
Starting preprocessing of the model file ...
Found 5 equation(s).
Evaluating expressions...done
Computing static model derivatives:
 - order 1
Computing dynamic model derivatives:
 - order 1
 - order 2
Processing outputs ...
done
Preprocessing completed.
[Warning: Some of the parameters have no value (K_ss, I_ss, q_ss, P_ss) when using steady. If these parameters are not initialized in a
steadystate file or a steady_state_model-block, Dynare may not be able to solve the model...] 




Residuals of the static equations:

Equation number 1 : NaN
Equation number 2 : NaN
Equation number 3 : NaN
Equation number 4 : NaN
Equation number 5 : NaN


Error using <a href="matlab:matlab.internal.language.introspective.errorDocCallback('print_info', 'c:\dynare\4.5.3\matlab\print_info.m', 90)" style="font-weight:bold">print_info</a> (<a href="matlab: opentoline('c:\dynare\4.5.3\matlab\print_info.m',90,0)">line 90</a>)
The steady state contains NaN or Inf

Error in <a href="matlab:matlab.internal.language.introspective.errorDocCallback('steady', 'c:\dynare\4.5.3\matlab\steady.m', 104)" style="font-weight:bold">steady</a> (<a href="matlab: opentoline('c:\dynare\4.5.3\matlab\steady.m',104,0)">line 104</a>)
    print_info(info,options_.noprint, options_);

Error in <a href="matlab:matlab.internal.language.introspective.errorDocCallback('hw2_dynare', 'C:\Users\Nmath_000\Documents\MATLAB\dynare\work\hw2_dynare.m', 189)" style="font-weight:bold">hw2_dynare</a> (<a href="matlab: opentoline('C:\Users\Nmath_000\Documents\MATLAB\dynare\work\hw2_dynare.m',189,0)">line 189</a>)
steady;

Error in <a href="matlab:matlab.internal.language.introspective.errorDocCallback('dynare', 'c:\dynare\4.5.3\matlab\dynare.m', 223)" style="font-weight:bold">dynare</a> (<a href="matlab: opentoline('c:\dynare\4.5.3\matlab\dynare.m',223,0)">line 223</a>)
evalin('base',fname) ;

Error in <a href="matlab:matlab.internal.language.introspective.errorDocCallback('main_hw2', 'C:\Users\Nmath_000\Documents\MATLAB\dynare\main_hw2.m', 67)" style="font-weight:bold">main_hw2</a> (<a href="matlab: opentoline('C:\Users\Nmath_000\Documents\MATLAB\dynare\main_hw2.m',67,0)">line 67</a>)
     dynare hw2_dynare

