Starting Dynare (version 4.5.3).
Starting preprocessing of the model file ...
Found 6 equation(s).
Evaluating expressions...done
Computing static model derivatives:
 - order 1
Computing dynamic model derivatives:
 - order 1
Processing outputs ...
done
Preprocessing completed.

STEADY-STATE RESULTS:

c 		 -0.642747
k 		 -1.63057
i 		 -1.63057
n 		 0.37616
d 		 -3.46945e-18
y 		 -0.326196

MODEL SUMMARY

  Number of variables:         6
  Number of stochastic shocks: 1
  Number of state variables:   2
  Number of jumpers:           2
  Number of static variables:  3


MATRIX OF COVARIANCE OF EXOGENOUS SHOCKS
Variables           e
e            0.000100

POLICY AND TRANSITION FUNCTIONS
                                   c               k               i               n               d               y
Constant                   -0.642747       -1.630573       -1.630568        0.376160               0       -0.326196
k(-1)                       0.350000        0.350000        0.349998               0               0        0.350000
d(-1)                      -0.042230       -0.093548        0.156452        0.017970        0.250000        0.011681
e                          -0.168921       -0.374190        0.625806        0.071881        1.000000        0.046723


THEORETICAL MOMENTS
VARIABLE         MEAN  STD. DEV.   VARIANCE
c             -0.6427     0.0026     0.0000
k             -1.6306     0.0045     0.0000
i             -1.6306     0.0063     0.0000
n              0.3762     0.0007     0.0000
d             -0.0000     0.0103     0.0001
y             -0.3262     0.0015     0.0000



MATRIX OF CORRELATIONS
Variables         c       k       i       n       d       y
c            1.0000  0.9611 -0.6423 -0.8099 -0.8099  0.5260
k            0.9611  1.0000 -0.8290 -0.9404 -0.9404  0.2707
i           -0.6423 -0.8290  1.0000  0.9698  0.9698  0.3139
n           -0.8099 -0.9404  0.9698  1.0000  1.0000  0.0729
d           -0.8099 -0.9404  0.9698  1.0000  1.0000  0.0729
y            0.5260  0.2707  0.3139  0.0729  0.0729  1.0000



COEFFICIENTS OF AUTOCORRELATION
Order         1       2       3       4       5
c        0.7153  0.3417  0.1424  0.0556  0.0209
k        0.5517  0.2435  0.0978  0.0374  0.0139
i        0.0414 -0.0626 -0.0412 -0.0192 -0.0079
n        0.2500  0.0625  0.0156  0.0039  0.0010
d        0.2500  0.0625  0.0156  0.0039  0.0010
y        0.2835  0.0826  0.0248  0.0076  0.0024
Total computing time : 0h00m01s
